d:\code\c++\xcode\lang\msvc\lang\debug\vc140.pdb
d:\code\c++\xcode\lang\msvc\lang\debug\vc140.idb
d:\code\c++\xcode\lang\msvc\lang\debug\foundation.obj
d:\code\c++\xcode\lang\msvc\lang\debug\token.obj
d:\code\c++\xcode\lang\msvc\lang\debug\tokenfinder.obj
d:\code\c++\xcode\lang\msvc\lang\debug\typemanager.obj
d:\code\c++\xcode\lang\msvc\lang\debug\main.obj
d:\code\c++\xcode\lang\msvc\lang\debug\abstractloader.obj
d:\code\c++\xcode\lang\msvc\lang\debug\assetbundle.obj
d:\code\c++\xcode\lang\msvc\lang\debug\assetcompiler.obj
d:\code\c++\xcode\lang\msvc\lang\debug\assetmanager.obj
d:\code\c++\xcode\lang\msvc\lang\debug\bmploader.obj
d:\code\c++\xcode\lang\msvc\lang\debug\jpegloader.obj
d:\code\c++\xcode\lang\msvc\lang\debug\loaderfactory.obj
d:\code\c++\xcode\lang\msvc\lang\debug\pngloader.obj
d:\code\c++\xcode\lang\msvc\lang\debug\resource.obj
d:\code\c++\xcode\lang\msvc\lang\debug\resourcemanager.obj
d:\code\c++\xcode\lang\msvc\lang\debug\static.obj
d:\code\c++\xcode\lang\msvc\lang\debug\textureloader.obj
d:\code\c++\xcode\lang\msvc\lang\debug\textureresource.obj
d:\code\c++\xcode\lang\msvc\lang\debug\tgaloader.obj
d:\code\c++\xcode\lang\msvc\lang\debug\errormessage.obj
d:\code\c++\xcode\lang\msvc\lang\debug\expmatcher.obj
d:\code\c++\xcode\lang\msvc\lang\debug\fileloader.obj
d:\code\c++\xcode\lang\msvc\lang\debug\javaanalyzer.obj
d:\code\c++\xcode\lang\msvc\lang\debug\javascopebuilder.obj
d:\code\c++\xcode\lang\msvc\lang\debug\javascriptparser.obj
d:\code\c++\xcode\lang\msvc\lang\debug\javasyntaxbuilder.obj
d:\code\c++\xcode\lang\msvc\lang\debug\javatokenmanager.obj
d:\code\c++\xcode\lang\msvc\lang\debug\lang.obj
d:\code\c++\xcode\lang\msvc\lang\debug\murmurhash.obj
d:\code\c++\xcode\lang\msvc\lang\debug\node.obj
d:\code\c++\xcode\lang\msvc\lang\debug\object.obj
d:\code\c++\xcode\lang\msvc\lang\debug\randomizer.obj
d:\code\c++\xcode\lang\msvc\lang\debug\scopebuilder.obj
d:\code\c++\xcode\lang\msvc\lang\debug\scriptparser.obj
d:\code\c++\xcode\lang\msvc\lang\debug\shuntingyard.obj
d:\code\c++\xcode\lang\msvc\lang\debug\syntaxbuilder.obj
d:\code\c++\xcode\lang\msvc\lang\debug\syntaxerror.obj
d:\code\c++\xcode\lang\msvc\lang\debug\tokenmanager.obj
d:\code\c++\xcode\lang\msvc\lang\debug\core.obj
d:\code\c++\xcode\lang\msvc\lang\debug\define.obj
d:\code\c++\xcode\lang\msvc\lang\debug\analyzer.obj
d:\code\c++\xcode\lang\msvc\lang\debug\pngtrans.obj
d:\code\c++\xcode\lang\msvc\lang\debug\pngwio.obj
d:\code\c++\xcode\lang\msvc\lang\debug\pngwrite.obj
d:\code\c++\xcode\lang\msvc\lang\debug\pngwtran.obj
d:\code\c++\xcode\lang\msvc\lang\debug\pngwutil.obj
d:\code\c++\xcode\lang\msvc\lang\debug\adler32.obj
d:\code\c++\xcode\lang\msvc\lang\debug\compress.obj
d:\code\c++\xcode\lang\msvc\lang\debug\crc32.obj
d:\code\c++\xcode\lang\msvc\lang\debug\deflate.obj
d:\code\c++\xcode\lang\msvc\lang\debug\gzclose.obj
d:\code\c++\xcode\lang\msvc\lang\debug\gzlib.obj
d:\code\c++\xcode\lang\msvc\lang\debug\gzread.obj
d:\code\c++\xcode\lang\msvc\lang\debug\gzwrite.obj
d:\code\c++\xcode\lang\msvc\lang\debug\infback.obj
d:\code\c++\xcode\lang\msvc\lang\debug\inffast.obj
d:\code\c++\xcode\lang\msvc\lang\debug\inflate.obj
d:\code\c++\xcode\lang\msvc\lang\debug\inftrees.obj
d:\code\c++\xcode\lang\msvc\lang\debug\trees.obj
d:\code\c++\xcode\lang\msvc\lang\debug\uncompr.obj
d:\code\c++\xcode\lang\msvc\lang\debug\zutil.obj
d:\code\c++\xcode\lang\msvc\lang\debug\jfdctfst.obj
d:\code\c++\xcode\lang\msvc\lang\debug\jfdctint.obj
d:\code\c++\xcode\lang\msvc\lang\debug\jidctflt.obj
d:\code\c++\xcode\lang\msvc\lang\debug\jidctfst.obj
d:\code\c++\xcode\lang\msvc\lang\debug\jidctint.obj
d:\code\c++\xcode\lang\msvc\lang\debug\jmemmgr.obj
d:\code\c++\xcode\lang\msvc\lang\debug\jmemnobs.obj
d:\code\c++\xcode\lang\msvc\lang\debug\jquant1.obj
d:\code\c++\xcode\lang\msvc\lang\debug\jquant2.obj
d:\code\c++\xcode\lang\msvc\lang\debug\jutils.obj
d:\code\c++\xcode\lang\msvc\lang\debug\png.obj
d:\code\c++\xcode\lang\msvc\lang\debug\pngerror.obj
d:\code\c++\xcode\lang\msvc\lang\debug\pngget.obj
d:\code\c++\xcode\lang\msvc\lang\debug\pngmem.obj
d:\code\c++\xcode\lang\msvc\lang\debug\pngpread.obj
d:\code\c++\xcode\lang\msvc\lang\debug\pngread.obj
d:\code\c++\xcode\lang\msvc\lang\debug\pngrio.obj
d:\code\c++\xcode\lang\msvc\lang\debug\pngrtran.obj
d:\code\c++\xcode\lang\msvc\lang\debug\pngrutil.obj
d:\code\c++\xcode\lang\msvc\lang\debug\pngset.obj
d:\code\c++\xcode\lang\msvc\lang\debug\jctrans.obj
d:\code\c++\xcode\lang\msvc\lang\debug\jdapimin.obj
d:\code\c++\xcode\lang\msvc\lang\debug\jdapistd.obj
d:\code\c++\xcode\lang\msvc\lang\debug\jdarith.obj
d:\code\c++\xcode\lang\msvc\lang\debug\jdatadst.obj
d:\code\c++\xcode\lang\msvc\lang\debug\jdatasrc.obj
d:\code\c++\xcode\lang\msvc\lang\debug\jdcoefct.obj
d:\code\c++\xcode\lang\msvc\lang\debug\jdcolor.obj
d:\code\c++\xcode\lang\msvc\lang\debug\jddctmgr.obj
d:\code\c++\xcode\lang\msvc\lang\debug\jdhuff.obj
d:\code\c++\xcode\lang\msvc\lang\debug\jdinput.obj
d:\code\c++\xcode\lang\msvc\lang\debug\jdmainct.obj
d:\code\c++\xcode\lang\msvc\lang\debug\jdmarker.obj
d:\code\c++\xcode\lang\msvc\lang\debug\jdmaster.obj
d:\code\c++\xcode\lang\msvc\lang\debug\jdmerge.obj
d:\code\c++\xcode\lang\msvc\lang\debug\jdpostct.obj
d:\code\c++\xcode\lang\msvc\lang\debug\jdsample.obj
d:\code\c++\xcode\lang\msvc\lang\debug\jdtrans.obj
d:\code\c++\xcode\lang\msvc\lang\debug\jerror.obj
d:\code\c++\xcode\lang\msvc\lang\debug\jfdctflt.obj
d:\code\c++\xcode\lang\msvc\lang\debug\jaricom.obj
d:\code\c++\xcode\lang\msvc\lang\debug\jcapimin.obj
d:\code\c++\xcode\lang\msvc\lang\debug\jcapistd.obj
d:\code\c++\xcode\lang\msvc\lang\debug\jcarith.obj
d:\code\c++\xcode\lang\msvc\lang\debug\jccoefct.obj
d:\code\c++\xcode\lang\msvc\lang\debug\jccolor.obj
d:\code\c++\xcode\lang\msvc\lang\debug\jcdctmgr.obj
d:\code\c++\xcode\lang\msvc\lang\debug\jchuff.obj
d:\code\c++\xcode\lang\msvc\lang\debug\jcinit.obj
d:\code\c++\xcode\lang\msvc\lang\debug\jcmainct.obj
d:\code\c++\xcode\lang\msvc\lang\debug\jcmarker.obj
d:\code\c++\xcode\lang\msvc\lang\debug\jcmaster.obj
d:\code\c++\xcode\lang\msvc\lang\debug\jcomapi.obj
d:\code\c++\xcode\lang\msvc\lang\debug\jcparam.obj
d:\code\c++\xcode\lang\msvc\lang\debug\jcprepct.obj
d:\code\c++\xcode\lang\msvc\lang\debug\jcsample.obj
d:\code\c++\xcode\lang\msvc\lang\debug\llex.obj
d:\code\c++\xcode\lang\msvc\lang\debug\lmathlib.obj
d:\code\c++\xcode\lang\msvc\lang\debug\lmem.obj
d:\code\c++\xcode\lang\msvc\lang\debug\loadlib.obj
d:\code\c++\xcode\lang\msvc\lang\debug\lobject.obj
d:\code\c++\xcode\lang\msvc\lang\debug\lopcodes.obj
d:\code\c++\xcode\lang\msvc\lang\debug\loslib.obj
d:\code\c++\xcode\lang\msvc\lang\debug\lparser.obj
d:\code\c++\xcode\lang\msvc\lang\debug\lstate.obj
d:\code\c++\xcode\lang\msvc\lang\debug\lstring.obj
d:\code\c++\xcode\lang\msvc\lang\debug\lstrlib.obj
d:\code\c++\xcode\lang\msvc\lang\debug\ltable.obj
d:\code\c++\xcode\lang\msvc\lang\debug\ltablib.obj
d:\code\c++\xcode\lang\msvc\lang\debug\ltm.obj
d:\code\c++\xcode\lang\msvc\lang\debug\lua.obj
d:\code\c++\xcode\lang\msvc\lang\debug\luac.obj
d:\code\c++\xcode\lang\msvc\lang\debug\lundump.obj
d:\code\c++\xcode\lang\msvc\lang\debug\lvm.obj
d:\code\c++\xcode\lang\msvc\lang\debug\lzio.obj
d:\code\c++\xcode\lang\msvc\lang\debug\print.obj
d:\code\c++\xcode\lang\msvc\lang\debug\lapi.obj
d:\code\c++\xcode\lang\msvc\lang\debug\lauxlib.obj
d:\code\c++\xcode\lang\msvc\lang\debug\lbaselib.obj
d:\code\c++\xcode\lang\msvc\lang\debug\lcode.obj
d:\code\c++\xcode\lang\msvc\lang\debug\ldblib.obj
d:\code\c++\xcode\lang\msvc\lang\debug\ldebug.obj
d:\code\c++\xcode\lang\msvc\lang\debug\ldo.obj
d:\code\c++\xcode\lang\msvc\lang\debug\ldump.obj
d:\code\c++\xcode\lang\msvc\lang\debug\lfunc.obj
d:\code\c++\xcode\lang\msvc\lang\debug\lgc.obj
d:\code\c++\xcode\lang\msvc\lang\debug\linit.obj
d:\code\c++\xcode\lang\msvc\lang\debug\liolib.obj
d:\code\c++\xcode\lang\msvc\debug\lang.ilk
d:\code\c++\xcode\lang\msvc\debug\lang.exe
d:\code\c++\xcode\lang\msvc\debug\lang.pdb
d:\code\c++\xcode\lang\msvc\lang\debug\lang.tlog\cl.command.1.tlog
d:\code\c++\xcode\lang\msvc\lang\debug\lang.tlog\cl.read.1.tlog
d:\code\c++\xcode\lang\msvc\lang\debug\lang.tlog\cl.write.1.tlog
d:\code\c++\xcode\lang\msvc\lang\debug\lang.tlog\link.command.1.tlog
d:\code\c++\xcode\lang\msvc\lang\debug\lang.tlog\link.read.1.tlog
d:\code\c++\xcode\lang\msvc\lang\debug\lang.tlog\link.write.1.tlog
